Android/IoTDeviceSDKDemo/app/build/intermediates/manifest_merge_blame_file/debug/manifest-merger-blame-debug-report.txt
1<?xml version="1.0" encoding="utf-8"?>
2<manifest xmlns:android="http://schemas.android.com/apk/res/android"
3    package="com.aliyun.alink.devicesdk.demo"
4    android:versionCode="2"
5    android:versionName="android-9" >
6
7    <uses-sdk
7-->src\main\AndroidManifest.xml:13:5-14:82
8        android:minSdkVersion="19"
8-->src\main\AndroidManifest.xml:13:5-14:82
9        android:targetSdkVersion="28" />
9-->src\main\AndroidManifest.xml:13:5-14:82
10
11    <uses-permission android:name="android.permission.INTERNET" />
11-->src\main\AndroidManifest.xml:5:5-67
11-->src\main\AndroidManifest.xml:5:22-64
12    <uses-permission android:name="android.permission.WRITE_EXTERNAL_STORAGE" />
12-->src\main\AndroidManifest.xml:6:5-81
12-->src\main\AndroidManifest.xml:6:22-78
13    <uses-permission android:name="android.permission.READ_EXTERNAL_STORAGE" />
13-->src\main\AndroidManifest.xml:7:5-80
13-->src\main\AndroidManifest.xml:7:22-77
14    <uses-permission android:name="android.permission.WAKE_LOCK" />
14-->src\main\AndroidManifest.xml:8:5-68
14-->src\main\AndroidManifest.xml:8:22-65
15    <uses-permission android:name="android.permission.ACCESS_NETWORK_STATE" />
15-->src\main\AndroidManifest.xml:9:5-78
15-->src\main\AndroidManifest.xml:9:22-76
16    <uses-permission android:name="android.permission.REQUEST_INSTALL_PACKAGES" />
16-->src\main\AndroidManifest.xml:11:5-82
16-->src\main\AndroidManifest.xml:11:22-80
17    <uses-permission android:name="android.permission.ACCESS_WIFI_STATE" />
17-->[com.aliyun.alink.linksdk:iot-device-manager:1.7.2.2] AndroidManifest.xml:12:5-76
17-->[com.aliyun.alink.linksdk:iot-device-manager:1.7.2.2] AndroidManifest.xml:12:22-73
18    <uses-permission android:name="android.permission.READ_PHONE_STATE" />
18-->[com.aliyun.alink.linksdk:iot-device-manager:1.7.2.2] AndroidManifest.xml:14:5-75
18-->[com.aliyun.alink.linksdk:iot-device-manager:1.7.2.2] AndroidManifest.xml:14:22-72
19    <uses-permission android:name="android.permission.CHANGE_WIFI_MULTICAST_STATE" />
19-->[com.aliyun.alink.linksdk:public-tmp:2.0.2.1] AndroidManifest.xml:15:5-86
19-->[com.aliyun.alink.linksdk:public-tmp:2.0.2.1] AndroidManifest.xml:15:22-83
20    <uses-permission android:name="android.permission.CHANGE_WIFI_STATE" />
20-->[com.aliyun.alink.linksdk:public-tmp:2.0.2.1] AndroidManifest.xml:16:5-76
20-->[com.aliyun.alink.linksdk:public-tmp:2.0.2.1] AndroidManifest.xml:16:22-73
21    <uses-permission android:name="android.permission.READ_SETTINGS" />
21-->[com.aliyun.alink.linksdk:android_alink_id2:1.1.3] AndroidManifest.xml:14:5-72
21-->[com.aliyun.alink.linksdk:android_alink_id2:1.1.3] AndroidManifest.xml:14:22-69
22    <uses-permission android:name="android.permission.WRITE_SETTINGS" />
22-->[com.aliyun.alink.linksdk:android_alink_id2:1.1.3] AndroidManifest.xml:15:5-73
22-->[com.aliyun.alink.linksdk:android_alink_id2:1.1.3] AndroidManifest.xml:15:22-70
23    <uses-permission android:name="android.permission.CHANGE_NETWORK_STATE" />
23-->[com.aliyun.alink.linksdk:android_alink_id2:1.1.3] AndroidManifest.xml:20:5-79
23-->[com.aliyun.alink.linksdk:android_alink_id2:1.1.3] AndroidManifest.xml:20:22-76
24    <uses-permission android:name="android.permission.OVERRIDE_WIFI_CONFIG" />
24-->[com.aliyun.alink.linksdk:android_alink_id2:1.1.3] AndroidManifest.xml:21:5-79
24-->[com.aliyun.alink.linksdk:android_alink_id2:1.1.3] AndroidManifest.xml:21:22-76
25    <uses-permission android:name="android.permission.ACCESS_FINE_LOCATION" />
25-->[com.aliyun.alink.linksdk:coap-sdk:1.8.2] AndroidManifest.xml:12:5-79
25-->[com.aliyun.alink.linksdk:coap-sdk:1.8.2] AndroidManifest.xml:12:22-76
26
27    <application
27-->src\main\AndroidManifest.xml:16:5-57:19
28        android:name="com.aliyun.alink.devicesdk.app.DemoApplication"
28-->src\main\AndroidManifest.xml:17:9-70
29        android:allowBackup="true"
29-->src\main\AndroidManifest.xml:18:9-35
30        android:appComponentFactory="android.support.v4.app.CoreComponentFactory"
30-->[com.android.support:support-compat:28.0.0] AndroidManifest.xml:22:18-91
31        android:debuggable="true"
32        android:icon="@mipmap/ic_launcher"
32-->src\main\AndroidManifest.xml:19:9-43
33        android:label="@string/app_name"
33-->src\main\AndroidManifest.xml:20:9-41
34        android:roundIcon="@mipmap/ic_launcher_round"
34-->src\main\AndroidManifest.xml:21:9-54
35        android:supportsRtl="true"
35-->src\main\AndroidManifest.xml:22:9-35
36        android:testOnly="true"
37        android:theme="@style/AppTheme" >
37-->src\main\AndroidManifest.xml:23:9-40
38        <activity
38-->src\main\AndroidManifest.xml:25:9-33:20
39            android:name="com.aliyun.alink.devicesdk.demo.DemoActivity"
39-->src\main\AndroidManifest.xml:26:13-72
40            android:label="@string/app_name" >
40-->src\main\AndroidManifest.xml:27:13-45
41            <intent-filter>
41-->src\main\AndroidManifest.xml:28:13-32:29
42                <action android:name="android.intent.action.MAIN" />
42-->src\main\AndroidManifest.xml:29:17-69
42-->src\main\AndroidManifest.xml:29:25-66
43
44                <category android:name="android.intent.category.LAUNCHER" />
44-->src\main\AndroidManifest.xml:31:17-77
44-->src\main\AndroidManifest.xml:31:27-74
45            </intent-filter>
46        </activity>
47        <activity android:name="com.aliyun.alink.devicesdk.demo.LabelActivity" />
47-->src\main\AndroidManifest.xml:34:9-81
47-->src\main\AndroidManifest.xml:34:19-79
48        <activity android:name="com.aliyun.alink.devicesdk.demo.COTAActivity" />
48-->src\main\AndroidManifest.xml:35:9-80
48-->src\main\AndroidManifest.xml:35:19-78
49        <activity android:name="com.aliyun.alink.devicesdk.demo.ShadowActivity" />
49-->src\main\AndroidManifest.xml:36:9-82
49-->src\main\AndroidManifest.xml:36:19-80
50        <activity android:name="com.aliyun.alink.devicesdk.demo.OTAActivity" />
50-->src\main\AndroidManifest.xml:37:9-79
50-->src\main\AndroidManifest.xml:37:19-77
51        <activity android:name="com.aliyun.alink.devicesdk.demo.GatewayActivity" />
51-->src\main\AndroidManifest.xml:38:9-84
51-->src\main\AndroidManifest.xml:38:19-81
52        <activity android:name="com.aliyun.alink.devicesdk.demo.H2FileManagerActivity" />
52-->src\main\AndroidManifest.xml:39:9-90
52-->src\main\AndroidManifest.xml:39:19-87
53        <activity android:name="com.aliyun.alink.devicesdk.demo.MqttActivity" />
53-->src\main\AndroidManifest.xml:40:9-81
53-->src\main\AndroidManifest.xml:40:19-78
54        <activity android:name="com.aliyun.alink.devicesdk.demo.LogPushActivity" />
54-->src\main\AndroidManifest.xml:41:9-84
54-->src\main\AndroidManifest.xml:41:19-81
55        <activity android:name="com.aliyun.alink.devicesdk.demo.ResetActivity" />
55-->src\main\AndroidManifest.xml:42:9-51
55-->src\main\AndroidManifest.xml:42:19-48
56        <activity android:name="com.aliyun.alink.devicesdk.demo.TSLActivity" />
56-->src\main\AndroidManifest.xml:43:9-49
56-->src\main\AndroidManifest.xml:43:19-46
57
58        <!-- http://lazybios.com/2016/12/install-apk-by-intent-compatible-adnroid-n/ -->
59        <provider
59-->src\main\AndroidManifest.xml:46:9-56:20
60            android:name="com.aliyun.alink.devicesdk.demo.FileProvider"
60-->src\main\AndroidManifest.xml:47:13-72
61            android:authorities="com.aliyun.alink.devicesdk.demo.auth_fileprovider"
61-->src\main\AndroidManifest.xml:48:13-84
62            android:exported="false"
62-->src\main\AndroidManifest.xml:49:13-37
63            android:grantUriPermissions="true" >
63-->src\main\AndroidManifest.xml:50:13-47
64            <meta-data
64-->src\main\AndroidManifest.xml:52:13-54:53
65                android:name="android.support.FILE_PROVIDER_PATHS"
65-->src\main\AndroidManifest.xml:53:17-67
66                android:resource="@xml/file_paths" />
66-->src\main\AndroidManifest.xml:54:17-51
67        </provider>
68    </application>
69
70</manifest>